2018-08-07 09:10:14,791 ERROR [egovframework.cms.log.access.service.AccessLogServiceImpl] Could not roll back JDBC transaction; nested exception is java.sql.SQLRecoverableException: 접속 종료
java.sql.SQLRecoverableException: 접속 종료
	at oracle.jdbc.driver.PhysicalConnection.rollback(PhysicalConnection.java:3921) ~[ojdbc6-11.2.0.3.jar:11.2.0.3.0]
	at core.log.impl.ConnectionLoggable.rollback(ConnectionLoggable.java:98) ~[log4sql.jar:?]
	at org.apache.commons.dbcp.DelegatingConnection.rollback(DelegatingConnection.java:368) ~[commons-dbcp-1.4.jar:1.4]
	at org.apache.commons.dbcp.PoolingDataSource$PoolGuardConnectionWrapper.rollback(PoolingDataSource.java:323) ~[commons-dbcp-1.4.jar:1.4]
	at org.springframework.jdbc.datasource.DataSourceTransactionManager.doRollback(DataSourceTransactionManager.java:283) ~[spring-jdbc-3.2.9.RELEASE.jar:3.2.9.RELEASE]
	at org.springframework.transaction.support.AbstractPlatformTransactionManager.processRollback(AbstractPlatformTransactionManager.java:846) ~[spring-tx-3.2.9.RELEASE.jar:3.2.9.RELEASE]
	at org.springframework.transaction.support.AbstractPlatformTransactionManager.rollback(AbstractPlatformTransactionManager.java:823) ~[spring-tx-3.2.9.RELEASE.jar:3.2.9.RELEASE]
	at org.springframework.transaction.interceptor.TransactionAspectSupport.completeTransactionAfterThrowing(TransactionAspectSupport.java:493) ~[spring-tx-3.2.9.RELEASE.jar:3.2.9.RELEASE]
	at org.springframework.transaction.interceptor.TransactionAspectSupport.invokeWithinTransaction(TransactionAspectSupport.java:264) ~[spring-tx-3.2.9.RELEASE.jar:3.2.9.RELEASE]
	at org.springframework.transaction.interceptor.TransactionInterceptor.invoke(TransactionInterceptor.java:94) ~[spring-tx-3.2.9.RELEASE.jar:3.2.9.RELEASE]
	at org.springframework.aop.framework.ReflectiveMethodInvocation.proceed(ReflectiveMethodInvocation.java:172) ~[spring-aop-3.2.9.RELEASE.jar:3.2.9.RELEASE]
	at org.springframework.aop.aspectj.AspectJAfterThrowingAdvice.invoke(AspectJAfterThrowingAdvice.java:55) [spring-aop-3.2.9.RELEASE.jar:3.2.9.RELEASE]
	at org.springframework.aop.framework.ReflectiveMethodInvocation.proceed(ReflectiveMethodInvocation.java:172) [spring-aop-3.2.9.RELEASE.jar:3.2.9.RELEASE]
	at org.springframework.aop.interceptor.ExposeInvocationInterceptor.invoke(ExposeInvocationInterceptor.java:91) [spring-aop-3.2.9.RELEASE.jar:3.2.9.RELEASE]
	at org.springframework.aop.framework.ReflectiveMethodInvocation.proceed(ReflectiveMethodInvocation.java:172) [spring-aop-3.2.9.RELEASE.jar:3.2.9.RELEASE]
	at org.springframework.aop.framework.JdkDynamicAopProxy.invoke(JdkDynamicAopProxy.java:204) [spring-aop-3.2.9.RELEASE.jar:3.2.9.RELEASE]
	at com.sun.proxy.$Proxy29.insertAccessLog(Unknown Source) [?:?]
	at egovframework.common.controller.DefaultController.accessLog(DefaultController.java:262) [DefaultController.class:?]
	at egovframework.common.controller.DefaultController.getMenu(DefaultController.java:159) [DefaultController.class:?]
	at sun.reflect.GeneratedMethodAccessor46.invoke(Unknown Source) ~[?:?]
	at sun.reflect.DelegatingMethodAccessorImpl.invoke(Unknown Source) ~[?:1.8.0_131]
	at java.lang.reflect.Method.invoke(Unknown Source) ~[?:1.8.0_131]
	at org.springframework.web.method.support.InvocableHandlerMethod.invoke(InvocableHandlerMethod.java:215) [spring-web-3.2.9.RELEASE.jar:3.2.9.RELEASE]
	at org.springframework.web.method.support.InvocableHandlerMethod.invokeForRequest(InvocableHandlerMethod.java:132) [spring-web-3.2.9.RELEASE.jar:3.2.9.RELEASE]
	at org.springframework.web.method.annotation.ModelFactory.invokeModelAttributeMethods(ModelFactory.java:123) [spring-web-3.2.9.RELEASE.jar:3.2.9.RELEASE]
	at org.springframework.web.method.annotation.ModelFactory.initModel(ModelFactory.java:97) [spring-web-3.2.9.RELEASE.jar:3.2.9.RELEASE]
	at org.springframework.web.servlet.mvc.method.annotation.RequestMappingHandlerAdapter.invokeHandleMethod(RequestMappingHandlerAdapter.java:722) [spring-webmvc-3.2.9.RELEASE.jar:3.2.9.RELEASE]
	at org.springframework.web.servlet.mvc.method.annotation.RequestMappingHandlerAdapter.handleInternal(RequestMappingHandlerAdapter.java:685) [spring-webmvc-3.2.9.RELEASE.jar:3.2.9.RELEASE]
	at org.springframework.web.servlet.mvc.method.AbstractHandlerMethodAdapter.handle(AbstractHandlerMethodAdapter.java:80) [spring-webmvc-3.2.9.RELEASE.jar:3.2.9.RELEASE]
	at org.springframework.web.servlet.DispatcherServlet.doDispatch(DispatcherServlet.java:919) [spring-webmvc-3.2.9.RELEASE.jar:3.2.9.RELEASE]
	at org.springframework.web.servlet.DispatcherServlet.doService(DispatcherServlet.java:851) [spring-webmvc-3.2.9.RELEASE.jar:3.2.9.RELEASE]
	at org.springframework.web.servlet.FrameworkServlet.processRequest(FrameworkServlet.java:953) [spring-webmvc-3.2.9.RELEASE.jar:3.2.9.RELEASE]
	at org.springframework.web.servlet.FrameworkServlet.doGet(FrameworkServlet.java:844) [spring-webmvc-3.2.9.RELEASE.jar:3.2.9.RELEASE]
	at javax.servlet.http.HttpServlet.service(HttpServlet.java:620) [servlet-api.jar:?]
	at org.springframework.web.servlet.FrameworkServlet.service(FrameworkServlet.java:829) [spring-webmvc-3.2.9.RELEASE.jar:3.2.9.RELEASE]
	at javax.servlet.http.HttpServlet.service(HttpServlet.java:727) [servlet-api.jar:?]
	at org.apache.catalina.core.ApplicationFilterChain.internalDoFilter(ApplicationFilterChain.java:303) [catalina.jar:7.0.54]
	at org.apache.catalina.core.ApplicationFilterChain.doFilter(ApplicationFilterChain.java:208) [catalina.jar:7.0.54]
	at org.apache.tomcat.websocket.server.WsFilter.doFilter(WsFilter.java:52) [tomcat7-websocket.jar:7.0.54]
	at org.apache.catalina.core.ApplicationFilterChain.internalDoFilter(ApplicationFilterChain.java:241) [catalina.jar:7.0.54]
	at org.apache.catalina.core.ApplicationFilterChain.doFilter(ApplicationFilterChain.java:208) [catalina.jar:7.0.54]
	at egovframework.common.filter.EgovUrlRewriteFilter.doFilter(EgovUrlRewriteFilter.java:108) [EgovUrlRewriteFilter.class:?]
	at org.apache.catalina.core.ApplicationFilterChain.internalDoFilter(ApplicationFilterChain.java:241) [catalina.jar:7.0.54]
	at org.apache.catalina.core.ApplicationFilterChain.doFilter(ApplicationFilterChain.java:208) [catalina.jar:7.0.54]
	at org.springframework.web.filter.CharacterEncodingFilter.doFilterInternal(CharacterEncodingFilter.java:88) [spring-web-3.2.9.RELEASE.jar:3.2.9.RELEASE]
	at org.springframework.web.filter.OncePerRequestFilter.doFilter(OncePerRequestFilter.java:106) [spring-web-3.2.9.RELEASE.jar:3.2.9.RELEASE]
	at org.apache.catalina.core.ApplicationFilterChain.internalDoFilter(ApplicationFilterChain.java:241) [catalina.jar:7.0.54]
	at org.apache.catalina.core.ApplicationFilterChain.doFilter(ApplicationFilterChain.java:208) [catalina.jar:7.0.54]
	at org.apache.catalina.core.StandardWrapperValve.invoke(StandardWrapperValve.java:220) [catalina.jar:7.0.54]
	at org.apache.catalina.core.StandardContextValve.invoke(StandardContextValve.java:122) [catalina.jar:7.0.54]
	at org.apache.catalina.authenticator.AuthenticatorBase.invoke(AuthenticatorBase.java:501) [catalina.jar:7.0.54]
	at org.apache.catalina.core.StandardHostValve.invoke(StandardHostValve.java:171) [catalina.jar:7.0.54]
	at org.apache.catalina.valves.ErrorReportValve.invoke(ErrorReportValve.java:102) [catalina.jar:7.0.54]
	at org.apache.catalina.valves.AccessLogValve.invoke(AccessLogValve.java:950) [catalina.jar:7.0.54]
	at org.apache.catalina.core.StandardEngineValve.invoke(StandardEngineValve.java:116) [catalina.jar:7.0.54]
	at org.apache.catalina.connector.CoyoteAdapter.service(CoyoteAdapter.java:408) [catalina.jar:7.0.54]
	at org.apache.coyote.http11.AbstractHttp11Processor.process(AbstractHttp11Processor.java:1040) [tomcat-coyote.jar:7.0.54]
	at org.apache.coyote.AbstractProtocol$AbstractConnectionHandler.process(AbstractProtocol.java:607) [tomcat-coyote.jar:7.0.54]
	at org.apache.tomcat.util.net.JIoEndpoint$SocketProcessor.run(JIoEndpoint.java:314) [tomcat-coyote.jar:7.0.54]
	at java.util.concurrent.ThreadPoolExecutor.runWorker(Unknown Source) [?:1.8.0_131]
	at java.util.concurrent.ThreadPoolExecutor$Worker.run(Unknown Source) [?:1.8.0_131]
	at org.apache.tomcat.util.threads.TaskThread$WrappingRunnable.run(TaskThread.java:61) [tomcat-coyote.jar:7.0.54]
	at java.lang.Thread.run(Unknown Source) [?:1.8.0_131]
2018-08-07 09:10:14,800 ERROR [egovframework.common.excepHndlr.EgovComOthersExcepHndlr] egovframework.cms.log.access.service.AccessLogServiceImpl.insertAccessLog
org.springframework.transaction.TransactionSystemException: Could not roll back JDBC transaction; nested exception is java.sql.SQLRecoverableException: 접속 종료
	at org.springframework.jdbc.datasource.DataSourceTransactionManager.doRollback(DataSourceTransactionManager.java:286) ~[spring-jdbc-3.2.9.RELEASE.jar:3.2.9.RELEASE]
	at org.springframework.transaction.support.AbstractPlatformTransactionManager.processRollback(AbstractPlatformTransactionManager.java:846) ~[spring-tx-3.2.9.RELEASE.jar:3.2.9.RELEASE]
	at org.springframework.transaction.support.AbstractPlatformTransactionManager.rollback(AbstractPlatformTransactionManager.java:823) ~[spring-tx-3.2.9.RELEASE.jar:3.2.9.RELEASE]
	at org.springframework.transaction.interceptor.TransactionAspectSupport.completeTransactionAfterThrowing(TransactionAspectSupport.java:493) ~[spring-tx-3.2.9.RELEASE.jar:3.2.9.RELEASE]
	at org.springframework.transaction.interceptor.TransactionAspectSupport.invokeWithinTransaction(TransactionAspectSupport.java:264) ~[spring-tx-3.2.9.RELEASE.jar:3.2.9.RELEASE]
	at org.springframework.transaction.interceptor.TransactionInterceptor.invoke(TransactionInterceptor.java:94) ~[spring-tx-3.2.9.RELEASE.jar:3.2.9.RELEASE]
	at org.springframework.aop.framework.ReflectiveMethodInvocation.proceed(ReflectiveMethodInvocation.java:172) ~[spring-aop-3.2.9.RELEASE.jar:3.2.9.RELEASE]
	at org.springframework.aop.aspectj.AspectJAfterThrowingAdvice.invoke(AspectJAfterThrowingAdvice.java:55) [spring-aop-3.2.9.RELEASE.jar:3.2.9.RELEASE]
	at org.springframework.aop.framework.ReflectiveMethodInvocation.proceed(ReflectiveMethodInvocation.java:172) [spring-aop-3.2.9.RELEASE.jar:3.2.9.RELEASE]
	at org.springframework.aop.interceptor.ExposeInvocationInterceptor.invoke(ExposeInvocationInterceptor.java:91) [spring-aop-3.2.9.RELEASE.jar:3.2.9.RELEASE]
	at org.springframework.aop.framework.ReflectiveMethodInvocation.proceed(ReflectiveMethodInvocation.java:172) [spring-aop-3.2.9.RELEASE.jar:3.2.9.RELEASE]
	at org.springframework.aop.framework.JdkDynamicAopProxy.invoke(JdkDynamicAopProxy.java:204) [spring-aop-3.2.9.RELEASE.jar:3.2.9.RELEASE]
	at com.sun.proxy.$Proxy29.insertAccessLog(Unknown Source) [?:?]
	at egovframework.common.controller.DefaultController.accessLog(DefaultController.java:262) [DefaultController.class:?]
	at egovframework.common.controller.DefaultController.getMenu(DefaultController.java:159) [DefaultController.class:?]
	at sun.reflect.GeneratedMethodAccessor46.invoke(Unknown Source) ~[?:?]
	at sun.reflect.DelegatingMethodAccessorImpl.invoke(Unknown Source) ~[?:1.8.0_131]
	at java.lang.reflect.Method.invoke(Unknown Source) ~[?:1.8.0_131]
	at org.springframework.web.method.support.InvocableHandlerMethod.invoke(InvocableHandlerMethod.java:215) [spring-web-3.2.9.RELEASE.jar:3.2.9.RELEASE]
	at org.springframework.web.method.support.InvocableHandlerMethod.invokeForRequest(InvocableHandlerMethod.java:132) [spring-web-3.2.9.RELEASE.jar:3.2.9.RELEASE]
	at org.springframework.web.method.annotation.ModelFactory.invokeModelAttributeMethods(ModelFactory.java:123) [spring-web-3.2.9.RELEASE.jar:3.2.9.RELEASE]
	at org.springframework.web.method.annotation.ModelFactory.initModel(ModelFactory.java:97) [spring-web-3.2.9.RELEASE.jar:3.2.9.RELEASE]
	at org.springframework.web.servlet.mvc.method.annotation.RequestMappingHandlerAdapter.invokeHandleMethod(RequestMappingHandlerAdapter.java:722) [spring-webmvc-3.2.9.RELEASE.jar:3.2.9.RELEASE]
	at org.springframework.web.servlet.mvc.method.annotation.RequestMappingHandlerAdapter.handleInternal(RequestMappingHandlerAdapter.java:685) [spring-webmvc-3.2.9.RELEASE.jar:3.2.9.RELEASE]
	at org.springframework.web.servlet.mvc.method.AbstractHandlerMethodAdapter.handle(AbstractHandlerMethodAdapter.java:80) [spring-webmvc-3.2.9.RELEASE.jar:3.2.9.RELEASE]
	at org.springframework.web.servlet.DispatcherServlet.doDispatch(DispatcherServlet.java:919) [spring-webmvc-3.2.9.RELEASE.jar:3.2.9.RELEASE]
	at org.springframework.web.servlet.DispatcherServlet.doService(DispatcherServlet.java:851) [spring-webmvc-3.2.9.RELEASE.jar:3.2.9.RELEASE]
	at org.springframework.web.servlet.FrameworkServlet.processRequest(FrameworkServlet.java:953) [spring-webmvc-3.2.9.RELEASE.jar:3.2.9.RELEASE]
	at org.springframework.web.servlet.FrameworkServlet.doGet(FrameworkServlet.java:844) [spring-webmvc-3.2.9.RELEASE.jar:3.2.9.RELEASE]
	at javax.servlet.http.HttpServlet.service(HttpServlet.java:620) [servlet-api.jar:?]
	at org.springframework.web.servlet.FrameworkServlet.service(FrameworkServlet.java:829) [spring-webmvc-3.2.9.RELEASE.jar:3.2.9.RELEASE]
	at javax.servlet.http.HttpServlet.service(HttpServlet.java:727) [servlet-api.jar:?]
	at org.apache.catalina.core.ApplicationFilterChain.internalDoFilter(ApplicationFilterChain.java:303) [catalina.jar:7.0.54]
	at org.apache.catalina.core.ApplicationFilterChain.doFilter(ApplicationFilterChain.java:208) [catalina.jar:7.0.54]
	at org.apache.tomcat.websocket.server.WsFilter.doFilter(WsFilter.java:52) [tomcat7-websocket.jar:7.0.54]
	at org.apache.catalina.core.ApplicationFilterChain.internalDoFilter(ApplicationFilterChain.java:241) [catalina.jar:7.0.54]
	at org.apache.catalina.core.ApplicationFilterChain.doFilter(ApplicationFilterChain.java:208) [catalina.jar:7.0.54]
	at egovframework.common.filter.EgovUrlRewriteFilter.doFilter(EgovUrlRewriteFilter.java:108) [EgovUrlRewriteFilter.class:?]
	at org.apache.catalina.core.ApplicationFilterChain.internalDoFilter(ApplicationFilterChain.java:241) [catalina.jar:7.0.54]
	at org.apache.catalina.core.ApplicationFilterChain.doFilter(ApplicationFilterChain.java:208) [catalina.jar:7.0.54]
	at org.springframework.web.filter.CharacterEncodingFilter.doFilterInternal(CharacterEncodingFilter.java:88) [spring-web-3.2.9.RELEASE.jar:3.2.9.RELEASE]
	at org.springframework.web.filter.OncePerRequestFilter.doFilter(OncePerRequestFilter.java:106) [spring-web-3.2.9.RELEASE.jar:3.2.9.RELEASE]
	at org.apache.catalina.core.ApplicationFilterChain.internalDoFilter(ApplicationFilterChain.java:241) [catalina.jar:7.0.54]
	at org.apache.catalina.core.ApplicationFilterChain.doFilter(ApplicationFilterChain.java:208) [catalina.jar:7.0.54]
	at org.apache.catalina.core.StandardWrapperValve.invoke(StandardWrapperValve.java:220) [catalina.jar:7.0.54]
	at org.apache.catalina.core.StandardContextValve.invoke(StandardContextValve.java:122) [catalina.jar:7.0.54]
	at org.apache.catalina.authenticator.AuthenticatorBase.invoke(AuthenticatorBase.java:501) [catalina.jar:7.0.54]
	at org.apache.catalina.core.StandardHostValve.invoke(StandardHostValve.java:171) [catalina.jar:7.0.54]
	at org.apache.catalina.valves.ErrorReportValve.invoke(ErrorReportValve.java:102) [catalina.jar:7.0.54]
	at org.apache.catalina.valves.AccessLogValve.invoke(AccessLogValve.java:950) [catalina.jar:7.0.54]
	at org.apache.catalina.core.StandardEngineValve.invoke(StandardEngineValve.java:116) [catalina.jar:7.0.54]
	at org.apache.catalina.connector.CoyoteAdapter.service(CoyoteAdapter.java:408) [catalina.jar:7.0.54]
	at org.apache.coyote.http11.AbstractHttp11Processor.process(AbstractHttp11Processor.java:1040) [tomcat-coyote.jar:7.0.54]
	at org.apache.coyote.AbstractProtocol$AbstractConnectionHandler.process(AbstractProtocol.java:607) [tomcat-coyote.jar:7.0.54]
	at org.apache.tomcat.util.net.JIoEndpoint$SocketProcessor.run(JIoEndpoint.java:314) [tomcat-coyote.jar:7.0.54]
	at java.util.concurrent.ThreadPoolExecutor.runWorker(Unknown Source) [?:1.8.0_131]
	at java.util.concurrent.ThreadPoolExecutor$Worker.run(Unknown Source) [?:1.8.0_131]
	at org.apache.tomcat.util.threads.TaskThread$WrappingRunnable.run(TaskThread.java:61) [tomcat-coyote.jar:7.0.54]
	at java.lang.Thread.run(Unknown Source) [?:1.8.0_131]
Caused by: java.sql.SQLRecoverableException: 접속 종료
	at oracle.jdbc.driver.PhysicalConnection.rollback(PhysicalConnection.java:3921) ~[ojdbc6-11.2.0.3.jar:11.2.0.3.0]
	at core.log.impl.ConnectionLoggable.rollback(ConnectionLoggable.java:98) ~[log4sql.jar:?]
	at org.apache.commons.dbcp.DelegatingConnection.rollback(DelegatingConnection.java:368) ~[commons-dbcp-1.4.jar:1.4]
	at org.apache.commons.dbcp.PoolingDataSource$PoolGuardConnectionWrapper.rollback(PoolingDataSource.java:323) ~[commons-dbcp-1.4.jar:1.4]
	at org.springframework.jdbc.datasource.DataSourceTransactionManager.doRollback(DataSourceTransactionManager.java:283) ~[spring-jdbc-3.2.9.RELEASE.jar:3.2.9.RELEASE]
	... 58 more
